<?xml version="1.0" encoding="UTF-8"?>
<!-- Generated by org.testng.reporters.JUnitXMLReporter -->
<testsuite hostname="PU-VGUPTA" name="EmployeesRestAPITest" tests="34" failures="16" timestamp="11 Apr 2020 06:23:31 GMT" time="26.683" errors="0">
  <testcase name="checkContentLenght" time="0.002" classname="com.RestAssured.Testcases.TC001_GetAllEmployees"/>
  <testcase name="checkContentType" time="0.001" classname="com.RestAssured.Testcases.TC001_GetAllEmployees"/>
  <testcase name="checkCookies" time="0.001" classname="com.RestAssured.Testcases.TC001_GetAllEmployees"/>
  <testcase name="checkResponseTime" time="0.0" classname="com.RestAssured.Testcases.TC001_GetAllEmployees"/>
  <testcase name="checkResposeBody" time="0.025" classname="com.RestAssured.Testcases.TC001_GetAllEmployees"/>
  <testcase name="checkStatusCode" time="0.0" classname="com.RestAssured.Testcases.TC001_GetAllEmployees"/>
  <testcase name="checkcontentEncoding" time="0.0" classname="com.RestAssured.Testcases.TC001_GetAllEmployees"/>
  <testcase name="checkserverType" time="0.0" classname="com.RestAssured.Testcases.TC001_GetAllEmployees"/>
  <testcase name="checkstatusLine" time="0.001" classname="com.RestAssured.Testcases.TC001_GetAllEmployees"/>
  <testcase name="checkContentLenght" time="0.0" classname="com.RestAssured.Testcases.TC002_Get_Single_Employee_Record"/>
  <testcase name="checkContentType" time="0.001" classname="com.RestAssured.Testcases.TC002_Get_Single_Employee_Record">
    <failure type="java.lang.AssertionError" message="expected [text/html; charset=UTF-8] but found [application/json;charset=utf-8]">
      <![CDATA[java.lang.AssertionError: expected [text/html; charset=UTF-8] but found [application/json;charset=utf-8]
	at com.RestAssured.Testcases.TC002_Get_Single_Employee_Record.checkContentType(TC002_Get_Single_Employee_Record.java:59)
... Removed 33 stack frames]]>
    </failure>
  </testcase> <!-- checkContentType -->
  <testcase name="checkResponseTime" time="0.0" classname="com.RestAssured.Testcases.TC002_Get_Single_Employee_Record"/>
  <testcase name="checkResposeBody" time="0.0" classname="com.RestAssured.Testcases.TC002_Get_Single_Employee_Record">
    <failure type="java.lang.AssertionError" message="expected [true] but found [false]">
      <![CDATA[java.lang.AssertionError: expected [true] but found [false]
	at com.RestAssured.Testcases.TC002_Get_Single_Employee_Record.checkResposeBody(TC002_Get_Single_Employee_Record.java:29)
... Removed 33 stack frames]]>
    </failure>
  </testcase> <!-- checkResposeBody -->
  <testcase name="checkStatusCode" time="0.0" classname="com.RestAssured.Testcases.TC002_Get_Single_Employee_Record">
    <failure type="java.lang.AssertionError" message="expected [200] but found [400]">
      <![CDATA[java.lang.AssertionError: expected [200] but found [400]
	at com.RestAssured.Testcases.TC002_Get_Single_Employee_Record.checkStatusCode(TC002_Get_Single_Employee_Record.java:36)
... Removed 33 stack frames]]>
    </failure>
  </testcase> <!-- checkStatusCode -->
  <testcase name="checkserverType" time="0.0" classname="com.RestAssured.Testcases.TC002_Get_Single_Employee_Record">
    <failure type="java.lang.AssertionError" message="expected [nginx/1.14.1] but found [nginx/1.16.0]">
      <![CDATA[java.lang.AssertionError: expected [nginx/1.14.1] but found [nginx/1.16.0]
	at com.RestAssured.Testcases.TC002_Get_Single_Employee_Record.checkserverType(TC002_Get_Single_Employee_Record.java:66)
... Removed 33 stack frames]]>
    </failure>
  </testcase> <!-- checkserverType -->
  <testcase name="checkstatusLine" time="0.0" classname="com.RestAssured.Testcases.TC002_Get_Single_Employee_Record">
    <failure type="java.lang.AssertionError" message="expected [HTTP/1.1 200 OK] but found [HTTP/1.1 400 Bad Request]">
      <![CDATA[java.lang.AssertionError: expected [HTTP/1.1 200 OK] but found [HTTP/1.1 400 Bad Request]
	at com.RestAssured.Testcases.TC002_Get_Single_Employee_Record.checkstatusLine(TC002_Get_Single_Employee_Record.java:51)
... Removed 33 stack frames]]>
    </failure>
  </testcase> <!-- checkstatusLine -->
  <testcase name="checkContentType" time="0.0" classname="com.RestAssured.Testcases.TC003_Post_Employee_Record">
    <failure type="java.lang.AssertionError" message="expected [text/html; charset=UTF-8] but found [application/json;charset=utf-8]">
      <![CDATA[java.lang.AssertionError: expected [text/html; charset=UTF-8] but found [application/json;charset=utf-8]
	at com.RestAssured.Testcases.TC003_Post_Employee_Record.checkContentType(TC003_Post_Employee_Record.java:76)
... Removed 33 stack frames]]>
    </failure>
  </testcase> <!-- checkContentType -->
  <testcase name="checkResposeBody" time="0.001" classname="com.RestAssured.Testcases.TC003_Post_Employee_Record"/>
  <testcase name="checkStatusCode" time="0.0" classname="com.RestAssured.Testcases.TC003_Post_Employee_Record"/>
  <testcase name="checkcontentEncoding" time="0.0" classname="com.RestAssured.Testcases.TC003_Post_Employee_Record">
    <failure type="java.lang.AssertionError" message="expected [gzip] but found [null]">
      <![CDATA[java.lang.AssertionError: expected [gzip] but found [null]
	at com.RestAssured.Testcases.TC003_Post_Employee_Record.checkcontentEncoding(TC003_Post_Employee_Record.java:90)
... Removed 33 stack frames]]>
    </failure>
  </testcase> <!-- checkcontentEncoding -->
  <testcase name="checkserverType" time="0.0" classname="com.RestAssured.Testcases.TC003_Post_Employee_Record">
    <failure type="java.lang.AssertionError" message="expected [nginx/1.14.1] but found [nginx/1.16.0]">
      <![CDATA[java.lang.AssertionError: expected [nginx/1.14.1] but found [nginx/1.16.0]
	at com.RestAssured.Testcases.TC003_Post_Employee_Record.checkserverType(TC003_Post_Employee_Record.java:83)
... Removed 33 stack frames]]>
    </failure>
  </testcase> <!-- checkserverType -->
  <testcase name="checkstatusLine" time="0.0" classname="com.RestAssured.Testcases.TC003_Post_Employee_Record"/>
  <testcase name="checkContentType" time="0.0" classname="com.RestAssured.Testcases.TC004_Put_Employee_Record">
    <failure type="java.lang.AssertionError" message="expected [text/html; charset=UTF-8] but found [application/json;charset=utf-8]">
      <![CDATA[java.lang.AssertionError: expected [text/html; charset=UTF-8] but found [application/json;charset=utf-8]
	at com.RestAssured.Testcases.TC004_Put_Employee_Record.checkContentType(TC004_Put_Employee_Record.java:73)
... Removed 33 stack frames]]>
    </failure>
  </testcase> <!-- checkContentType -->
  <testcase name="checkResposeBody" time="0.001" classname="com.RestAssured.Testcases.TC004_Put_Employee_Record">
    <failure type="java.lang.AssertionError" message="expected [true] but found [false]">
      <![CDATA[java.lang.AssertionError: expected [true] but found [false]
	at com.RestAssured.Testcases.TC004_Put_Employee_Record.checkResposeBody(TC004_Put_Employee_Record.java:49)
... Removed 33 stack frames]]>
    </failure>
  </testcase> <!-- checkResposeBody -->
  <testcase name="checkStatusCode" time="0.0" classname="com.RestAssured.Testcases.TC004_Put_Employee_Record"/>
  <testcase name="checkcontentEncoding" time="0.0" classname="com.RestAssured.Testcases.TC004_Put_Employee_Record">
    <failure type="java.lang.AssertionError" message="expected [gzip] but found [null]">
      <![CDATA[java.lang.AssertionError: expected [gzip] but found [null]
	at com.RestAssured.Testcases.TC004_Put_Employee_Record.checkcontentEncoding(TC004_Put_Employee_Record.java:87)
... Removed 33 stack frames]]>
    </failure>
  </testcase> <!-- checkcontentEncoding -->
  <testcase name="checkserverType" time="0.0" classname="com.RestAssured.Testcases.TC004_Put_Employee_Record">
    <failure type="java.lang.AssertionError" message="expected [nginx/1.14.1] but found [nginx/1.16.0]">
      <![CDATA[java.lang.AssertionError: expected [nginx/1.14.1] but found [nginx/1.16.0]
	at com.RestAssured.Testcases.TC004_Put_Employee_Record.checkserverType(TC004_Put_Employee_Record.java:80)
... Removed 33 stack frames]]>
    </failure>
  </testcase> <!-- checkserverType -->
  <testcase name="checkstatusLine" time="0.0" classname="com.RestAssured.Testcases.TC004_Put_Employee_Record"/>
  <testcase name="checkContentType" time="0.001" classname="com.RestAssured.Testcases.TC005_Delete_Employee_Record">
    <failure type="java.lang.AssertionError" message="expected [text/html; charset=UTF-8] but found [application/json;charset=utf-8]">
      <![CDATA[java.lang.AssertionError: expected [text/html; charset=UTF-8] but found [application/json;charset=utf-8]
	at com.RestAssured.Testcases.TC005_Delete_Employee_Record.checkContentType(TC005_Delete_Employee_Record.java:62)
... Removed 33 stack frames]]>
    </failure>
  </testcase> <!-- checkContentType -->
  <testcase name="checkResposeBody" time="0.0" classname="com.RestAssured.Testcases.TC005_Delete_Employee_Record">
    <failure type="java.lang.AssertionError" message="expected [true] but found [false]">
      <![CDATA[java.lang.AssertionError: expected [true] but found [false]
	at com.RestAssured.Testcases.TC005_Delete_Employee_Record.checkResposeBody(TC005_Delete_Employee_Record.java:39)
... Removed 33 stack frames]]>
    </failure>
  </testcase> <!-- checkResposeBody -->
  <testcase name="checkStatusCode" time="0.0" classname="com.RestAssured.Testcases.TC005_Delete_Employee_Record"/>
  <testcase name="checkcontentEncoding" time="0.0" classname="com.RestAssured.Testcases.TC005_Delete_Employee_Record">
    <failure type="java.lang.AssertionError" message="expected [gzip] but found [null]">
      <![CDATA[java.lang.AssertionError: expected [gzip] but found [null]
	at com.RestAssured.Testcases.TC005_Delete_Employee_Record.checkcontentEncoding(TC005_Delete_Employee_Record.java:76)
... Removed 33 stack frames]]>
    </failure>
  </testcase> <!-- checkcontentEncoding -->
  <testcase name="checkserverType" time="0.0" classname="com.RestAssured.Testcases.TC005_Delete_Employee_Record">
    <failure type="java.lang.AssertionError" message="expected [nginx/1.14.1] but found [nginx/1.16.0]">
      <![CDATA[java.lang.AssertionError: expected [nginx/1.14.1] but found [nginx/1.16.0]
	at com.RestAssured.Testcases.TC005_Delete_Employee_Record.checkserverType(TC005_Delete_Employee_Record.java:69)
... Removed 33 stack frames]]>
    </failure>
  </testcase> <!-- checkserverType -->
  <testcase name="checkstatusLine" time="0.0" classname="com.RestAssured.Testcases.TC005_Delete_Employee_Record"/>
</testsuite> <!-- EmployeesRestAPITest -->
