<?xml version="1.0" encoding="UTF-8"?>
<testsuite name="TestSuite" time="0.041" tests="34" errors="0" skipped="0" failures="16">
  <properties>
[...]
</properties>
  <testcase name="checkContentLenght" classname="com.RestAssured.Testcases.TC001_GetAllEmployees" time="0.004"/>
  <testcase name="checkContentType" classname="com.RestAssured.Testcases.TC001_GetAllEmployees" time="0"/>
  <testcase name="checkCookies" classname="com.RestAssured.Testcases.TC001_GetAllEmployees" time="0.001"/>
  <testcase name="checkResponseTime" classname="com.RestAssured.Testcases.TC001_GetAllEmployees" time="0"/>
  <testcase name="checkResposeBody" classname="com.RestAssured.Testcases.TC001_GetAllEmployees" time="0.025"/>
  <testcase name="checkStatusCode" classname="com.RestAssured.Testcases.TC001_GetAllEmployees" time="0"/>
  <testcase name="checkcontentEncoding" classname="com.RestAssured.Testcases.TC001_GetAllEmployees" time="0"/>
  <testcase name="checkserverType" classname="com.RestAssured.Testcases.TC001_GetAllEmployees" time="0"/>
  <testcase name="checkstatusLine" classname="com.RestAssured.Testcases.TC001_GetAllEmployees" time="0"/>
  <testcase name="checkContentLenght" classname="com.RestAssured.Testcases.TC002_Get_Single_Employee_Record" time="0"/>
  <testcase name="checkContentType" classname="com.RestAssured.Testcases.TC002_Get_Single_Employee_Record" time="0.004">
    <failure message="expected [text/html; charset=UTF-8] but found [application/json;charset=utf-8]" type="java.lang.AssertionError">java.lang.AssertionError: expected [text/html; charset=UTF-8] but found [application/json;charset=utf-8]
	at org.testng.Assert.fail(Assert.java:94)
	at org.testng.Assert.failNotEquals(Assert.java:513)
	at org.testng.Assert.assertEqualsImpl(Assert.java:135)
	at org.testng.Assert.assertEquals(Assert.java:116)
	at org.testng.Assert.assertEquals(Assert.java:190)
	at org.testng.Assert.assertEquals(Assert.java:200)
	at com.RestAssured.Testcases.TC002_Get_Single_Employee_Record.checkContentType(TC002_Get_Single_Employee_Record.java:59)
</failure>
  </testcase>
  <testcase name="checkResponseTime" classname="com.RestAssured.Testcases.TC002_Get_Single_Employee_Record" time="0"/>
  <testcase name="checkResposeBody" classname="com.RestAssured.Testcases.TC002_Get_Single_Employee_Record" time="0.001">
    <failure message="expected [true] but found [false]" type="java.lang.AssertionError">java.lang.AssertionError: expected [true] but found [false]
	at org.testng.Assert.fail(Assert.java:94)
	at org.testng.Assert.failNotEquals(Assert.java:513)
	at org.testng.Assert.assertEqualsImpl(Assert.java:135)
	at org.testng.Assert.assertEquals(Assert.java:116)
	at org.testng.Assert.assertEquals(Assert.java:305)
	at org.testng.Assert.assertEquals(Assert.java:315)
	at com.RestAssured.Testcases.TC002_Get_Single_Employee_Record.checkResposeBody(TC002_Get_Single_Employee_Record.java:29)
</failure>
  </testcase>
  <testcase name="checkStatusCode" classname="com.RestAssured.Testcases.TC002_Get_Single_Employee_Record" time="0">
    <failure message="expected [200] but found [400]" type="java.lang.AssertionError">java.lang.AssertionError: expected [200] but found [400]
	at org.testng.Assert.fail(Assert.java:94)
	at org.testng.Assert.failNotEquals(Assert.java:513)
	at org.testng.Assert.assertEqualsImpl(Assert.java:135)
	at org.testng.Assert.assertEquals(Assert.java:116)
	at org.testng.Assert.assertEquals(Assert.java:389)
	at org.testng.Assert.assertEquals(Assert.java:399)
	at com.RestAssured.Testcases.TC002_Get_Single_Employee_Record.checkStatusCode(TC002_Get_Single_Employee_Record.java:36)
</failure>
  </testcase>
  <testcase name="checkserverType" classname="com.RestAssured.Testcases.TC002_Get_Single_Employee_Record" time="0.001">
    <failure message="expected [nginx/1.14.1] but found [nginx/1.16.0]" type="java.lang.AssertionError">java.lang.AssertionError: expected [nginx/1.14.1] but found [nginx/1.16.0]
	at org.testng.Assert.fail(Assert.java:94)
	at org.testng.Assert.failNotEquals(Assert.java:513)
	at org.testng.Assert.assertEqualsImpl(Assert.java:135)
	at org.testng.Assert.assertEquals(Assert.java:116)
	at org.testng.Assert.assertEquals(Assert.java:190)
	at org.testng.Assert.assertEquals(Assert.java:200)
	at com.RestAssured.Testcases.TC002_Get_Single_Employee_Record.checkserverType(TC002_Get_Single_Employee_Record.java:66)
</failure>
  </testcase>
  <testcase name="checkstatusLine" classname="com.RestAssured.Testcases.TC002_Get_Single_Employee_Record" time="0.001">
    <failure message="expected [HTTP/1.1 200 OK] but found [HTTP/1.1 400 Bad Request]" type="java.lang.AssertionError">java.lang.AssertionError: expected [HTTP/1.1 200 OK] but found [HTTP/1.1 400 Bad Request]
	at org.testng.Assert.fail(Assert.java:94)
	at org.testng.Assert.failNotEquals(Assert.java:513)
	at org.testng.Assert.assertEqualsImpl(Assert.java:135)
	at org.testng.Assert.assertEquals(Assert.java:116)
	at org.testng.Assert.assertEquals(Assert.java:190)
	at org.testng.Assert.assertEquals(Assert.java:200)
	at com.RestAssured.Testcases.TC002_Get_Single_Employee_Record.checkstatusLine(TC002_Get_Single_Employee_Record.java:51)
</failure>
  </testcase>
  <testcase name="checkContentType" classname="com.RestAssured.Testcases.TC003_Post_Employee_Record" time="0">
    <failure message="expected [text/html; charset=UTF-8] but found [application/json;charset=utf-8]" type="java.lang.AssertionError">java.lang.AssertionError: expected [text/html; charset=UTF-8] but found [application/json;charset=utf-8]
	at org.testng.Assert.fail(Assert.java:94)
	at org.testng.Assert.failNotEquals(Assert.java:513)
	at org.testng.Assert.assertEqualsImpl(Assert.java:135)
	at org.testng.Assert.assertEquals(Assert.java:116)
	at org.testng.Assert.assertEquals(Assert.java:190)
	at org.testng.Assert.assertEquals(Assert.java:200)
	at com.RestAssured.Testcases.TC003_Post_Employee_Record.checkContentType(TC003_Post_Employee_Record.java:76)
</failure>
  </testcase>
  <testcase name="checkResposeBody" classname="com.RestAssured.Testcases.TC003_Post_Employee_Record" time="0.001"/>
  <testcase name="checkStatusCode" classname="com.RestAssured.Testcases.TC003_Post_Employee_Record" time="0"/>
  <testcase name="checkcontentEncoding" classname="com.RestAssured.Testcases.TC003_Post_Employee_Record" time="0">
    <failure message="expected [gzip] but found [null]" type="java.lang.AssertionError">java.lang.AssertionError: expected [gzip] but found [null]
	at org.testng.Assert.fail(Assert.java:94)
	at org.testng.Assert.failNotEquals(Assert.java:513)
	at org.testng.Assert.assertEqualsImpl(Assert.java:130)
	at org.testng.Assert.assertEquals(Assert.java:116)
	at org.testng.Assert.assertEquals(Assert.java:190)
	at org.testng.Assert.assertEquals(Assert.java:200)
	at com.RestAssured.Testcases.TC003_Post_Employee_Record.checkcontentEncoding(TC003_Post_Employee_Record.java:90)
</failure>
  </testcase>
  <testcase name="checkserverType" classname="com.RestAssured.Testcases.TC003_Post_Employee_Record" time="0">
    <failure message="expected [nginx/1.14.1] but found [nginx/1.16.0]" type="java.lang.AssertionError">java.lang.AssertionError: expected [nginx/1.14.1] but found [nginx/1.16.0]
	at org.testng.Assert.fail(Assert.java:94)
	at org.testng.Assert.failNotEquals(Assert.java:513)
	at org.testng.Assert.assertEqualsImpl(Assert.java:135)
	at org.testng.Assert.assertEquals(Assert.java:116)
	at org.testng.Assert.assertEquals(Assert.java:190)
	at org.testng.Assert.assertEquals(Assert.java:200)
	at com.RestAssured.Testcases.TC003_Post_Employee_Record.checkserverType(TC003_Post_Employee_Record.java:83)
</failure>
  </testcase>
  <testcase name="checkstatusLine" classname="com.RestAssured.Testcases.TC003_Post_Employee_Record" time="0"/>
  <testcase name="checkContentType" classname="com.RestAssured.Testcases.TC004_Put_Employee_Record" time="0.001">
    <failure message="expected [text/html; charset=UTF-8] but found [application/json;charset=utf-8]" type="java.lang.AssertionError">java.lang.AssertionError: expected [text/html; charset=UTF-8] but found [application/json;charset=utf-8]
	at org.testng.Assert.fail(Assert.java:94)
	at org.testng.Assert.failNotEquals(Assert.java:513)
	at org.testng.Assert.assertEqualsImpl(Assert.java:135)
	at org.testng.Assert.assertEquals(Assert.java:116)
	at org.testng.Assert.assertEquals(Assert.java:190)
	at org.testng.Assert.assertEquals(Assert.java:200)
	at com.RestAssured.Testcases.TC004_Put_Employee_Record.checkContentType(TC004_Put_Employee_Record.java:73)
</failure>
  </testcase>
  <testcase name="checkResposeBody" classname="com.RestAssured.Testcases.TC004_Put_Employee_Record" time="0.001">
    <failure message="expected [true] but found [false]" type="java.lang.AssertionError">java.lang.AssertionError: expected [true] but found [false]
	at org.testng.Assert.fail(Assert.java:94)
	at org.testng.Assert.failNotEquals(Assert.java:513)
	at org.testng.Assert.assertEqualsImpl(Assert.java:135)
	at org.testng.Assert.assertEquals(Assert.java:116)
	at org.testng.Assert.assertEquals(Assert.java:305)
	at org.testng.Assert.assertEquals(Assert.java:315)
	at com.RestAssured.Testcases.TC004_Put_Employee_Record.checkResposeBody(TC004_Put_Employee_Record.java:49)
</failure>
    <system-out><![CDATA[{"status":"success","data":null}
]]></system-out>
  </testcase>
  <testcase name="checkStatusCode" classname="com.RestAssured.Testcases.TC004_Put_Employee_Record" time="0"/>
  <testcase name="checkcontentEncoding" classname="com.RestAssured.Testcases.TC004_Put_Employee_Record" time="0">
    <failure message="expected [gzip] but found [null]" type="java.lang.AssertionError">java.lang.AssertionError: expected [gzip] but found [null]
	at org.testng.Assert.fail(Assert.java:94)
	at org.testng.Assert.failNotEquals(Assert.java:513)
	at org.testng.Assert.assertEqualsImpl(Assert.java:130)
	at org.testng.Assert.assertEquals(Assert.java:116)
	at org.testng.Assert.assertEquals(Assert.java:190)
	at org.testng.Assert.assertEquals(Assert.java:200)
	at com.RestAssured.Testcases.TC004_Put_Employee_Record.checkcontentEncoding(TC004_Put_Employee_Record.java:87)
</failure>
  </testcase>
  <testcase name="checkserverType" classname="com.RestAssured.Testcases.TC004_Put_Employee_Record" time="0">
    <failure message="expected [nginx/1.14.1] but found [nginx/1.16.0]" type="java.lang.AssertionError">java.lang.AssertionError: expected [nginx/1.14.1] but found [nginx/1.16.0]
	at org.testng.Assert.fail(Assert.java:94)
	at org.testng.Assert.failNotEquals(Assert.java:513)
	at org.testng.Assert.assertEqualsImpl(Assert.java:135)
	at org.testng.Assert.assertEquals(Assert.java:116)
	at org.testng.Assert.assertEquals(Assert.java:190)
	at org.testng.Assert.assertEquals(Assert.java:200)
	at com.RestAssured.Testcases.TC004_Put_Employee_Record.checkserverType(TC004_Put_Employee_Record.java:80)
</failure>
  </testcase>
  <testcase name="checkstatusLine" classname="com.RestAssured.Testcases.TC004_Put_Employee_Record" time="0"/>
  <testcase name="checkContentType" classname="com.RestAssured.Testcases.TC005_Delete_Employee_Record" time="0">
    <failure message="expected [text/html; charset=UTF-8] but found [application/json;charset=utf-8]" type="java.lang.AssertionError">java.lang.AssertionError: expected [text/html; charset=UTF-8] but found [application/json;charset=utf-8]
	at org.testng.Assert.fail(Assert.java:94)
	at org.testng.Assert.failNotEquals(Assert.java:513)
	at org.testng.Assert.assertEqualsImpl(Assert.java:135)
	at org.testng.Assert.assertEquals(Assert.java:116)
	at org.testng.Assert.assertEquals(Assert.java:190)
	at org.testng.Assert.assertEquals(Assert.java:200)
	at com.RestAssured.Testcases.TC005_Delete_Employee_Record.checkContentType(TC005_Delete_Employee_Record.java:62)
</failure>
    <system-out><![CDATA[Employee Id is :1
]]></system-out>
  </testcase>
  <testcase name="checkResposeBody" classname="com.RestAssured.Testcases.TC005_Delete_Employee_Record" time="0.001">
    <failure message="expected [true] but found [false]" type="java.lang.AssertionError">java.lang.AssertionError: expected [true] but found [false]
	at org.testng.Assert.fail(Assert.java:94)
	at org.testng.Assert.failNotEquals(Assert.java:513)
	at org.testng.Assert.assertEqualsImpl(Assert.java:135)
	at org.testng.Assert.assertEquals(Assert.java:116)
	at org.testng.Assert.assertEquals(Assert.java:305)
	at org.testng.Assert.assertEquals(Assert.java:315)
	at com.RestAssured.Testcases.TC005_Delete_Employee_Record.checkResposeBody(TC005_Delete_Employee_Record.java:39)
</failure>
    <system-out><![CDATA[Response is :{"status":"failed","message":"Error! Not able to delete record"}
]]></system-out>
  </testcase>
  <testcase name="checkStatusCode" classname="com.RestAssured.Testcases.TC005_Delete_Employee_Record" time="0"/>
  <testcase name="checkcontentEncoding" classname="com.RestAssured.Testcases.TC005_Delete_Employee_Record" time="0">
    <failure message="expected [gzip] but found [null]" type="java.lang.AssertionError">java.lang.AssertionError: expected [gzip] but found [null]
	at org.testng.Assert.fail(Assert.java:94)
	at org.testng.Assert.failNotEquals(Assert.java:513)
	at org.testng.Assert.assertEqualsImpl(Assert.java:130)
	at org.testng.Assert.assertEquals(Assert.java:116)
	at org.testng.Assert.assertEquals(Assert.java:190)
	at org.testng.Assert.assertEquals(Assert.java:200)
	at com.RestAssured.Testcases.TC005_Delete_Employee_Record.checkcontentEncoding(TC005_Delete_Employee_Record.java:76)
</failure>
  </testcase>
  <testcase name="checkserverType" classname="com.RestAssured.Testcases.TC005_Delete_Employee_Record" time="0">
    <failure message="expected [nginx/1.14.1] but found [nginx/1.16.0]" type="java.lang.AssertionError">java.lang.AssertionError: expected [nginx/1.14.1] but found [nginx/1.16.0]
	at org.testng.Assert.fail(Assert.java:94)
	at org.testng.Assert.failNotEquals(Assert.java:513)
	at org.testng.Assert.assertEqualsImpl(Assert.java:135)
	at org.testng.Assert.assertEquals(Assert.java:116)
	at org.testng.Assert.assertEquals(Assert.java:190)
	at org.testng.Assert.assertEquals(Assert.java:200)
	at com.RestAssured.Testcases.TC005_Delete_Employee_Record.checkserverType(TC005_Delete_Employee_Record.java:69)
</failure>
  </testcase>
  <testcase name="checkstatusLine" classname="com.RestAssured.Testcases.TC005_Delete_Employee_Record" time="0"/>
</testsuite>